Log file open, 10/21/14 23:05:52
LogInit:Display: Running engine for game: firstProject
LogInit: Version: 4.5.0-2326478+++depot+UE4-Releases+4.5
LogInit: API Version: 2326478
LogInit: Compiled (64-bit): Oct 11 2014 09:24:31
LogInit: Compiled with Visual C++: 18.00.21005.01
LogInit: Build Configuration: Development
LogInit: Branch Name: ++depot+UE4-Releases+4.5
LogInit: Command line: 
LogInit: Base directory: C:/Program Files/Epic Games/4.5/Engine/Binaries/Win64/
LogInit: Rocket: 1
[2014.10.22-06.05.52:548][  0]LogTaskGraph: Started task graph with 3 named threads and 4 total threads.
[2014.10.22-06.05.52:585][  0]LogOnline:Warning: No default platform service specified for OnlineSubsystem
[2014.10.22-06.05.52:610][  0]LogInit: Presizing for 0 objects not considered by GC, pre-allocating 0 bytes.
[2014.10.22-06.05.52:620][  0]LogInit: Object subsystem initialized
[2014.10.22-06.05.52:623][  0]LogConsoleResponse:Warning: Skipping Unknown console variable: 'UIScaleRule = ShortestSide'
[2014.10.22-06.05.52:623][  0]LogConsoleResponse:Warning:   Found in ini file 'C:/Users/mikez_000/Documents/GitHub/unreality/visionside/firstProject/Saved/Config/Windows/Engine.ini', in section '[/Script/Engine.RendererSettings]'
[2014.10.22-06.05.52:623][  0]LogConsoleResponse:Warning: Skipping Unknown console variable: 'UIScaleCurve = (EditorCurveData=(Keys=((Time=480,Value=0.444),(Time=720,Value=0.666),(Time=1080,Value=1.0),(Time=8640,Value=8.0))),ExternalCurve=None)'
[2014.10.22-06.05.52:623][  0]LogConsoleResponse:Warning:   Found in ini file 'C:/Users/mikez_000/Documents/GitHub/unreality/visionside/firstProject/Saved/Config/Windows/Engine.ini', in section '[/Script/Engine.RendererSettings]'
[2014.10.22-06.05.52:623][  0]LogInit: Selected Device Profile: [Windows]
[2014.10.22-06.05.52:623][  0]LogInit: Applying CVar settings loaded from the selected device profile: [Windows]
[2014.10.22-06.05.52:629][  0]LogInit: Computer: TOWER
[2014.10.22-06.05.52:629][  0]LogInit: User: mikez000
[2014.10.22-06.05.52:630][  0]LogInit: CPU Page size=4096, Cores=4
[2014.10.22-06.05.52:630][  0]LogInit: High frequency timer resolution =3.150304 MHz
[2014.10.22-06.05.52:630][  0]LogMemory: Memory total: Physical=6.0GB (6GB approx) Virtual=131072.0GB
[2014.10.22-06.05.52:630][  0]LogMemory: Platform Memory Stats for Windows
[2014.10.22-06.05.52:630][  0]LogMemory: Process Physical Memory: 61.30 MB used, 61.30 MB peak
[2014.10.22-06.05.52:630][  0]LogMemory: Process Virtual Memory: 37.38 MB used, 37.38 MB peak
[2014.10.22-06.05.52:630][  0]LogMemory: Physical Memory: 3652.75 MB used, 6135.12 MB total
[2014.10.22-06.05.52:630][  0]LogMemory: Virtual Memory: 281.34 MB used, 134217728.00 MB total
[2014.10.22-06.05.52:643][  0]LogD3D11RHI: Found D3D11 adapter 0: AMD Radeon HD 6700 Series (Feature Level 11_0)
[2014.10.22-06.05.52:643][  0]LogD3D11RHI: Adapter has 1015MB of dedicated video memory, 0MB of dedicated system memory, and 2816MB of shared system memory, 2 output[s]
[2014.10.22-06.05.52:644][  0]LogD3D11RHI: Found D3D11 adapter 1: Microsoft Basic Render Driver (Feature Level 11_0)
[2014.10.22-06.05.52:644][  0]LogD3D11RHI: Adapter has 0MB of dedicated video memory, 0MB of dedicated system memory, and 256MB of shared system memory, 0 output[s]
[2014.10.22-06.05.52:644][  0]LogD3D11RHI: Chosen D3D11 Adapter Id = 0
[2014.10.22-06.05.52:647][  0]LogRHI: Texture pool is 711 MB (70% of 1015 MB)
[2014.10.22-06.05.52:652][  0]LogD3D11RHI: Async texture creation disabled: no driver support
[2014.10.22-06.05.52:691][  0]LogTextLocalizationManager: The requested culture ('en_US') has no localization data; parent culture's ('en') localization data will be used.
[2014.10.22-06.05.52:827][  0]LogContentStreaming: Texture pool size is 0.000000MB
[2014.10.22-06.05.57:669][  0]LogTargetPlatformManager:Display: Building Assets For Windows
[2014.10.22-06.05.58:071][  0]LogTargetPlatformManager:Display: Building Assets For Windows
[2014.10.22-06.05.58:124][  0]LogDerivedDataCache:Display: Max Cache Size: 512 MB
[2014.10.22-06.05.58:165][  0]LogDerivedDataCache: Loaded boot cache 0.04s 39MB C:/Users/mikez_000/AppData/Local/UnrealEngine/4.5/DerivedDataCache/Boot.ddc.
[2014.10.22-06.05.58:165][  0]LogDerivedDataCache:Display: Loaded Boot cache: C:/Users/mikez_000/AppData/Local/UnrealEngine/4.5/DerivedDataCache/Boot.ddc
[2014.10.22-06.05.58:165][  0]LogDerivedDataCache: FDerivedDataBackendGraph:  Pak pak cache file ../../../../../../Users/mikez_000/Documents/GitHub/unreality/visionside/firstProject/DerivedDataCache/DDC.ddp not found, will not use a pak cache.
[2014.10.22-06.05.58:165][  0]LogDerivedDataCache: Unable to find inner node Pak for hierarchical cache Hierarchy.
[2014.10.22-06.05.58:229][  0]LogDerivedDataCache:Display: Pak cache opened for reading ../../../Engine/DerivedDataCache/DDC.ddp.
[2014.10.22-06.05.58:241][  0]LogDerivedDataCache: Using Local data cache path C:/Users/mikez_000/AppData/Local/UnrealEngine/Common/DerivedDataCache: Writable
[2014.10.22-06.05.58:428][  0]LogMeshUtilities: No automatic mesh reduction module available
[2014.10.22-06.05.58:428][  0]LogMeshUtilities: No automatic mesh merging module available
[2014.10.22-06.05.58:686][  0]LogLinker:Warning: Asset '../../../Engine/Content/Functions/Engine_MaterialFunctions02/Texturing/FlipBook.uasset' has been saved with empty engine version. The asset will be loaded but may be incompatible.
[2014.10.22-06.05.58:689][  0]LogLinker:Warning: Asset '../../../Engine/Content/Functions/Engine_MaterialFunctions02/ExampleContent/Textures/flipbook.uasset' has been saved with empty engine version. The asset will be loaded but may be incompatible.
[2014.10.22-06.05.58:864][  0]LogInit: WinSock: version 1.1 (2.2), MaxSocks=32767, MaxUdp=65467
[2014.10.22-06.05.59:830][  0]UdpMessaging: Initializing bridge on interface 0.0.0.0:0 to multicast group 230.0.0.1:6666.
[2014.10.22-06.05.59:990][  0]LogDirectoryWatcher:Warning: Failed to begin reading directory changes for C:/Users/mikez_000/Documents/GitHub/unreality/visionside/firstProject/Binaries/Win64. Error: 0
[2014.10.22-06.06.00:118][  0]SourceControl: Info Source control is disabled
[2014.10.22-06.06.00:118][  0]SourceControl: Info Source control is disabled
[2014.10.22-06.06.00:125][  0]SourceControl: Info Source control is disabled
[2014.10.22-06.06.00:229][  0]LogObj: 22915 objects as part of root set at end of initial load.
[2014.10.22-06.06.00:229][  0]LogUObjectAllocator: 4803544 out of 0 bytes used by permanent object pool.
[2014.10.22-06.06.00:288][  0]LogEngine: Initializing Engine...
[2014.10.22-06.06.00:421][  0]LogInit: XAudio2 using 'Speakers (2- High Definition Audio Device)' : 2 channels at 44.1 kHz using 16 bits per sample (channel mask 0x3)
[2014.10.22-06.06.00:427][  0]LogInit: FAudioDevice initialized.
[2014.10.22-06.06.00:447][  0]LogAIModule: Creating AISystem for world NewWorld
[2014.10.22-06.06.00:508][  0]LogDerivedDataCache: Saved boot cache 0.06s 39MB C:/Users/mikez_000/AppData/Local/UnrealEngine/4.5/DerivedDataCache/Boot.ddc.
[2014.10.22-06.06.00:514][  0]LogInit: Texture streaming: Enabled
[2014.10.22-06.06.00:554][  0]LogInit: Transaction tracking system initialized
[2014.10.22-06.06.00:641][  0]BlueprintLog: New page: Editor Load
[2014.10.22-06.06.00:669][  0]LogAssetRegistry: FAssetRegistry took 0.0111 seconds to start up
[2014.10.22-06.06.00:669][  0]LogDirectoryWatcher:Warning: Failed to begin reading directory changes for ../../../Engine/Plugins/Experimental/CharacterAI/Content/. Error: 0
[2014.10.22-06.06.01:106][  0]LogTargetPlatformManager:Display: Building Assets For Windows
[2014.10.22-06.06.01:420][  0]LogTargetPlatformManager:Display: Building Assets For Windows
[2014.10.22-06.06.02:911][  0]LogConsoleResponse:Display: 
[2014.10.22-06.06.03:099][  0]SourceControl: Info Source control is disabled
[2014.10.22-06.06.03:099][  0]Cmd: MAP LOAD FILE="../../../../../../Users/mikez_000/Documents/GitHub/unreality/visionside/firstProject/Content/Maps/Example_Map.umap" TEMPLATE=0 SHOWPROGRESS=1
[2014.10.22-06.06.03:100][  0]LightingResults: New page: Lighting Build
[2014.10.22-06.06.03:109][  0]MapCheck: New page: Map Check
[2014.10.22-06.06.03:109][  0]LightingResults: New page: Lighting Build
[2014.10.22-06.06.03:130][  0]LogParticles: Destroying 0 GPU particle simulations for FXSystem 0x000000B6DDA46840
[2014.10.22-06.06.03:553][  0]LogTexture:Display: Building textures: HQ_Lightmap0_1 (AutoDXT)
[2014.10.22-06.06.03:917][  0]LogTexture:Display: Building textures: HQ_Lightmap0_2 (AutoDXT)
[2014.10.22-06.06.03:923][  0]LogTexture:Display: Building textures: HQ_Lightmap1_2 (AutoDXT)
[2014.10.22-06.06.03:941][  0]LogTexture:Display: Building textures: LQ_Lightmap_0_1 (DXT1)
[2014.10.22-06.06.04:048][  0]LogTexture:Display: Building textures: LQ_Lightmap_0_2 (DXT1)
[2014.10.22-06.06.04:059][  0]LogTexture:Display: Building textures: ShadowMapTexture2D_0 (BGRA8)
[2014.10.22-06.06.04:091][  0]LogTexture:Display: Building textures: ShadowMapTexture2D_1 (BGRA8)
[2014.10.22-06.06.04:091][  0]LogTexture:Display: Building textures: ShadowMapTexture2D_2 (BGRA8)
[2014.10.22-06.06.04:115][  0]LogEditorServer: Finished looking for orphan Actors (0.000 secs)
[2014.10.22-06.06.04:134][  0]LogAIModule: Creating AISystem for world Example_Map
[2014.10.22-06.06.04:135][  0]Cmd: MAP CHECKDEP
[2014.10.22-06.06.04:135][  0]MapCheck: New page: Example_Map - Oct 21, 2014, 4:06:04 PM
[2014.10.22-06.06.04:226][  0]MapCheck: Info Map check complete: 0 Error(s), 0 Warning(s), took 90.952ms to complete.
[2014.10.22-06.06.04:226][  0]LogFileHelpers: Loading map 'Example_Map' took 1.127
[2014.10.22-06.06.04:773][  0]LogCollectionManager: Loaded 0 collections in 0.001898 seconds
[2014.10.22-06.06.05:671][  0]LogCrashTracker: Crashtracker disabled due to settings.
[2014.10.22-06.06.05:787][  0]LogUObjectGlobals:Warning: Failed to find object 'Class None.'
[2014.10.22-06.06.05:849][  0]LogLoad: Full Startup: 15.63 seconds (BP compile: 0.06 seconds)
[2014.10.22-06.06.06:598][  0]LogRenderer:Warning: Reallocating scene render targets to support 1136x904.
[2014.10.22-06.06.09:894][ 84]LogAssetRegistry: Asset discovery search completed in 9.2359 seconds
[2014.10.22-06.06.17:015][369]LogEditorViewport: Clicking on Actor (LMB): SphereReflectionCapture (SphereReflectionCapture)
[2014.10.22-06.06.40:752][300]LogEditorViewport: Clicking on Actor (LMB): TextRenderActor (TemplateLabel)
[2014.10.22-06.06.44:505][437]LogEditorViewport: Clicking on Actor (LMB): BP_Sky_Sphere_C (SkySphereBlueprint)
[2014.10.22-06.26.07:887][597]LogPlayLevel: PIE:  No blueprints needed recompiling
[2014.10.22-06.26.07:903][597]PIE: New page: PIE session: Example_Map (Oct 21, 2014, 4:26:07 PM)
[2014.10.22-06.26.07:971][597]LogPlayLevel: PIE: StaticDuplicateObject took: (0.067811s)
[2014.10.22-06.26.07:972][597]LogPlayLevel: PIE: World Init took: (0.001299s)
[2014.10.22-06.26.07:972][597]LogPlayLevel: PIE: Created PIE world by copying editor world from /Game/Maps/Example_Map.Example_Map to /Game/Maps/UEDPIE_0_Example_Map.Example_Map (0.069333s)
[2014.10.22-06.26.08:305][597]LogWorld: Game class is 'MyGame_C'
[2014.10.22-06.26.08:434][597]LogAIModule: Creating AISystem for world Example_Map
[2014.10.22-06.26.08:436][597]LogWorld: Bringing World /Game/Maps/UEDPIE_0_Example_Map.Example_Map up for play (max tick rate 0) at 2014.10.21-23.26.08
[2014.10.22-06.26.08:437][597]LogWorld: Bringing up level for play took: 0.002480
[2014.10.22-06.26.08:561][597]PIE: Info Play in editor start time for /Game/Maps/UEDPIE_0_Example_Map 0.247
[2014.10.22-06.27.15:081][893]LogParticles: Destroying 0 GPU particle simulations for FXSystem 0x000000B6D8CEFF60
[2014.10.22-06.41.19:557][894]LogContentBrowser:Verbose: The content browser source was changed by the sources view to '/Game/StarterContent'
[2014.10.22-06.41.23:655][ 40]Cmd: MAP LOAD FILE="../../../../../../Users/mikez_000/Documents/GitHub/unreality/visionside/firstProject/Content/StarterContent/Minimal_Default.umap" TEMPLATE=0 SHOWPROGRESS=1
[2014.10.22-06.41.23:655][ 40]LightingResults: New page: Lighting Build
[2014.10.22-06.41.23:685][ 40]LoadErrors: New page: Loading map: Minimal_Default.umap
[2014.10.22-06.41.23:686][ 40]MapCheck: New page: Map Check
[2014.10.22-06.41.23:686][ 40]LightingResults: New page: Lighting Build
[2014.10.22-06.41.23:710][ 40]LogParticles: Destroying 0 GPU particle simulations for FXSystem 0x000000B6D8E518A0
[2014.10.22-06.41.23:726][ 40]LogEditorServer: Finished looking for orphan Actors (0.000 secs)
[2014.10.22-06.41.23:726][ 40]LogAIModule: Creating AISystem for world Minimal_Default
[2014.10.22-06.41.23:835][ 40]Cmd: MAP CHECKDEP
[2014.10.22-06.41.23:835][ 40]MapCheck: New page: Minimal_Default - Oct 21, 2014, 4:41:23 PM
[2014.10.22-06.41.23:943][ 40]MapCheck: Info Map check complete: 0 Error(s), 0 Warning(s), took 107.579ms to complete.
[2014.10.22-06.41.23:943][ 40]LogFileHelpers: Loading map 'Minimal_Default' took 0.290
[2014.10.22-06.41.28:927][152]LogParticles:Warning: InitializeSystem called on an unregistered component. Template=/Game/StarterContent/Particles/P_Ambient_Dust.P_Ambient_Dust Component=/Game/StarterContent/StarterMap.StarterMap:PersistentLevel.P_Ambient_Dust_17.ParticleSystemComponent0
[2014.10.22-06.41.28:960][152]LogParticles:Warning: InitializeSystem called on an unregistered component. Template=/Game/StarterContent/Particles/P_Fire.P_Fire Component=/Game/StarterContent/StarterMap.StarterMap:PersistentLevel.Blueprint_Effect_Fire_C_1.P_Fire
[2014.10.22-06.41.28:960][152]LogParticles:Warning: InitializeSystem called on an unregistered component. Template=/Game/StarterContent/Particles/P_Smoke.P_Smoke Component=/Game/StarterContent/StarterMap.StarterMap:PersistentLevel.Blueprint_Effect_Smoke_C_1.P_Smoke
[2014.10.22-06.41.28:961][152]LogParticles:Warning: InitializeSystem called on an unregistered component. Template=/Game/StarterContent/Particles/P_Sparks.P_Sparks Component=/Game/StarterContent/StarterMap.StarterMap:PersistentLevel.Blueprint_Effect_Sparks_C_1.Sparks
[2014.10.22-06.41.28:961][152]LogParticles:Warning: InitializeSystem called on an unregistered component. Template=/Game/StarterContent/Particles/P_Steam_Lit.P_Steam_Lit Component=/Game/StarterContent/StarterMap.StarterMap:PersistentLevel.Blueprint_Effect_Steam_C_1.P_Steam_Lit
[2014.10.22-06.41.28:980][152]LogParticles:Warning: InitializeSystem called on an unregistered component. Template=/Game/StarterContent/Particles/P_Fire.P_Fire Component=/Game/StarterContent/StarterMap.StarterMap:PersistentLevel.Blueprint_Effect_Fire_C_1.P_Fire
[2014.10.22-06.41.28:981][152]LogParticles:Warning: InitializeSystem called on an unregistered component. Template=/Game/StarterContent/Particles/P_Smoke.P_Smoke Component=/Game/StarterContent/StarterMap.StarterMap:PersistentLevel.Blueprint_Effect_Smoke_C_1.P_Smoke
[2014.10.22-06.41.28:982][152]LogParticles:Warning: InitializeSystem called on an unregistered component. Template=/Game/StarterContent/Particles/P_Sparks.P_Sparks Component=/Game/StarterContent/StarterMap.StarterMap:PersistentLevel.Blueprint_Effect_Sparks_C_1.Sparks
[2014.10.22-06.41.28:982][152]LogParticles:Warning: InitializeSystem called on an unregistered component. Template=/Game/StarterContent/Particles/P_Steam_Lit.P_Steam_Lit Component=/Game/StarterContent/StarterMap.StarterMap:PersistentLevel.Blueprint_Effect_Steam_C_1.P_Steam_Lit
[2014.10.22-06.41.29:063][152]Cmd: MAP LOAD FILE="../../../../../../Users/mikez_000/Documents/GitHub/unreality/visionside/firstProject/Content/StarterContent/StarterMap.umap" TEMPLATE=0 SHOWPROGRESS=1
[2014.10.22-06.41.29:063][152]LightingResults: New page: Lighting Build
[2014.10.22-06.41.29:093][152]LoadErrors: New page: Loading map: StarterMap.umap
[2014.10.22-06.41.29:093][152]MapCheck: New page: Map Check
[2014.10.22-06.41.29:093][152]LightingResults: New page: Lighting Build
[2014.10.22-06.41.29:125][152]LogParticles: Destroying 0 GPU particle simulations for FXSystem 0x000000B6DDCCB740
[2014.10.22-06.41.29:184][152]LogEditorServer: Finished looking for orphan Actors (0.000 secs)
[2014.10.22-06.41.29:184][152]LogAIModule: Creating AISystem for world StarterMap
[2014.10.22-06.41.29:193][152]Cmd: MAP CHECKDEP
[2014.10.22-06.41.29:193][152]MapCheck: New page: StarterMap - Oct 21, 2014, 4:41:29 PM
[2014.10.22-06.41.29:369][152]MapCheck: Info Map check complete: 0 Error(s), 0 Warning(s), took 175.533ms to complete.
[2014.10.22-06.41.29:369][152]LogFileHelpers: Loading map 'StarterMap' took 0.308
[2014.10.22-06.41.43:684][488]LogContentBrowser:Verbose: The content browser source was changed by the sources view to '/Game/Maps'
[2014.10.22-06.41.44:757][513]Cmd: MAP LOAD FILE="../../../../../../Users/mikez_000/Documents/GitHub/unreality/visionside/firstProject/Content/Maps/Example_Map.umap" TEMPLATE=0 SHOWPROGRESS=1
[2014.10.22-06.41.44:757][513]LightingResults: New page: Lighting Build
[2014.10.22-06.41.44:786][513]LoadErrors: New page: Loading map: Example_Map.umap
[2014.10.22-06.41.44:788][513]MapCheck: New page: Map Check
[2014.10.22-06.41.44:788][513]LightingResults: New page: Lighting Build
[2014.10.22-06.41.44:821][513]LogParticles: Destroying 0 GPU particle simulations for FXSystem 0x000000B6E212B740
[2014.10.22-06.41.44:834][513]LogEditorServer: Finished looking for orphan Actors (0.000 secs)
[2014.10.22-06.41.44:835][513]LogAIModule: Creating AISystem for world Example_Map
[2014.10.22-06.41.44:843][513]Cmd: MAP CHECKDEP
[2014.10.22-06.41.44:843][513]MapCheck: New page: Example_Map - Oct 21, 2014, 4:41:44 PM
[2014.10.22-06.41.45:016][513]MapCheck: Info Map check complete: 0 Error(s), 0 Warning(s), took 172.8ms to complete.
[2014.10.22-06.41.45:016][513]LogFileHelpers: Loading map 'Example_Map' took 0.261
[2014.10.22-06.42.21:784][784]Cmd: QUIT_EDITOR
[2014.10.22-06.42.22:166][784]LogExit: Preparing to exit.
[2014.10.22-06.42.23:111][784]LogExit: Editor shut down
[2014.10.22-06.42.23:112][784]LogExit: Transaction tracking system shut down
[2014.10.22-06.42.23:113][784]LogParticles: Destroying 0 GPU particle simulations for FXSystem 0x000000B6DDF89120
[2014.10.22-06.42.23:114][784]LogParticles: Destroying 0 GPU particle simulations for FXSystem 0x000000B6DDF89620
[2014.10.22-06.42.23:136][784]LogExit: Object subsystem successfully closed.
[2014.10.22-06.42.23:191][784]LogModuleManager: Shutting down and abandoning module NewLevelDialog (167)
[2014.10.22-06.42.23:191][784]LogModuleManager: Shutting down and abandoning module AndroidDeviceDetection (166)
[2014.10.22-06.42.23:191][784]LogModuleManager: Shutting down and abandoning module CrashTracker (165)
[2014.10.22-06.42.23:191][784]LogModuleManager: Shutting down and abandoning module SuperSearch (164)
[2014.10.22-06.42.23:191][784]LogModuleManager: Shutting down and abandoning module SceneOutliner (163)
[2014.10.22-06.42.23:191][784]LogModuleManager: Shutting down and abandoning module EditorWidgets (162)
[2014.10.22-06.42.23:191][784]LogModuleManager: Shutting down and abandoning module CollectionManager (161)
[2014.10.22-06.42.23:213][784]LogModuleManager: Shutting down and abandoning module StatsViewer (160)
[2014.10.22-06.42.23:213][784]LogModuleManager: Shutting down and abandoning module FoliageEdit (159)
[2014.10.22-06.42.23:213][784]LogModuleManager: Shutting down and abandoning module LandscapeEditor (158)
[2014.10.22-06.42.23:213][784]LogModuleManager: Shutting down and abandoning module MeshPaint (157)
[2014.10.22-06.42.23:213][784]LogModuleManager: Shutting down and abandoning module ActorPickerMode (156)
[2014.10.22-06.42.23:213][784]LogModuleManager: Shutting down and abandoning module GeometryMode (155)
[2014.10.22-06.42.23:213][784]LogModuleManager: Shutting down and abandoning module TextureAlignMode (154)
[2014.10.22-06.42.23:213][784]LogModuleManager: Shutting down and abandoning module BspMode (153)
[2014.10.22-06.42.23:213][784]LogModuleManager: Shutting down and abandoning module PlacementMode (152)
[2014.10.22-06.42.23:213][784]LogModuleManager: Shutting down and abandoning module AutomationWorker (151)
[2014.10.22-06.42.23:213][784]LogModuleManager: Shutting down and abandoning module CharacterAI (150)
[2014.10.22-06.42.23:213][784]LogModuleManager: Shutting down and abandoning module GameProjectGeneration (149)
[2014.10.22-06.42.23:213][784]LogModuleManager: Shutting down and abandoning module IntroTutorials (148)
[2014.10.22-06.42.23:213][784]LogModuleManager: Shutting down and abandoning module EditorLiveStreaming (147)
[2014.10.22-06.42.23:214][784]LogModuleManager: Shutting down and abandoning module HardwareTargeting (146)
[2014.10.22-06.42.23:214][784]LogModuleManager: Shutting down and abandoning module BehaviorTreeEditor (145)
[2014.10.22-06.42.23:214][784]LogModuleManager: Shutting down and abandoning module DeviceProfileEditor (144)
[2014.10.22-06.42.23:214][784]LogModuleManager: Shutting down and abandoning module UndoHistory (143)
[2014.10.22-06.42.23:214][784]LogModuleManager: Shutting down and abandoning module GameplayTagsEditor (142)
[2014.10.22-06.42.23:214][784]LogModuleManager: Shutting down and abandoning module UserFeedback (141)
[2014.10.22-06.42.23:214][784]LogModuleManager: Shutting down and abandoning module XmlParser (140)
[2014.10.22-06.42.23:214][784]LogModuleManager: Shutting down and abandoning module Blutility (139)
[2014.10.22-06.42.23:214][784]LogModuleManager: Shutting down and abandoning module IOSPlatformEditor (138)
[2014.10.22-06.42.23:214][784]LogModuleManager: Shutting down and abandoning module IOSRuntimeSettings (137)
[2014.10.22-06.42.23:214][784]LogModuleManager: Shutting down and abandoning module AndroidPlatformEditor (136)
[2014.10.22-06.42.23:214][784]LogModuleManager: Shutting down and abandoning module AndroidRuntimeSettings (135)
[2014.10.22-06.42.23:214][784]LogModuleManager: Shutting down and abandoning module ProjectTargetPlatformEditor (134)
[2014.10.22-06.42.23:214][784]LogModuleManager: Shutting down and abandoning module ProjectSettingsViewer (133)
[2014.10.22-06.42.23:214][784]LogModuleManager: Shutting down and abandoning module InputBindingEditor (132)
[2014.10.22-06.42.23:214][784]LogModuleManager: Shutting down and abandoning module EditorSettingsViewer (131)
[2014.10.22-06.42.23:214][784]LogModuleManager: Shutting down and abandoning module SettingsEditor (130)
[2014.10.22-06.42.23:214][784]LogModuleManager: Shutting down and abandoning module ProjectLauncher (129)
[2014.10.22-06.42.23:214][784]LogModuleManager: Shutting down and abandoning module SessionFrontend (128)
[2014.10.22-06.42.23:214][784]LogModuleManager: Shutting down and abandoning module ProfilerClient (127)
[2014.10.22-06.42.23:214][784]LogModuleManager: Shutting down and abandoning module TargetDeviceServices (126)
[2014.10.22-06.42.23:214][784]LogModuleManager: Shutting down and abandoning module DeviceManager (125)
[2014.10.22-06.42.23:214][784]LogModuleManager: Shutting down and abandoning module AutomationController (124)
[2014.10.22-06.42.23:214][784]LogModuleManager: Shutting down and abandoning module AutomationWindow (123)
[2014.10.22-06.42.23:214][784]LogModuleManager: Shutting down and abandoning module Layers (122)
[2014.10.22-06.42.23:214][784]LogModuleManager: Shutting down and abandoning module ComponentVisualizers (121)
[2014.10.22-06.42.23:214][784]LogModuleManager: Shutting down and abandoning module DetailCustomizations (120)
[2014.10.22-06.42.23:214][784]LogModuleManager: Shutting down and abandoning module PackagesDialog (119)
[2014.10.22-06.42.23:214][784]LogModuleManager: Shutting down and abandoning module AssetRegistry (118)
[2014.10.22-06.42.23:306][784]LogModuleManager: Shutting down and abandoning module Persona (117)
[2014.10.22-06.42.23:306][784]LogModuleManager: Shutting down and abandoning module Kismet (116)
[2014.10.22-06.42.23:306][784]LogModuleManager: Shutting down and abandoning module GraphEditor (115)
[2014.10.22-06.42.23:306][784]LogModuleManager: Shutting down and abandoning module ClassViewer (114)
[2014.10.22-06.42.23:306][784]LogModuleManager: Shutting down and abandoning module Toolbox (113)
[2014.10.22-06.42.23:306][784]LogModuleManager: Shutting down and abandoning module ModuleUI (112)
[2014.10.22-06.42.23:306][784]LogModuleManager: Shutting down and abandoning module MovieSceneTools (111)
[2014.10.22-06.42.23:306][784]LogModuleManager: Shutting down and abandoning module OutputLog (110)
[2014.10.22-06.42.23:307][784]LogModuleManager: Shutting down and abandoning module GammaUI (109)
[2014.10.22-06.42.23:307][784]LogModuleManager: Shutting down and abandoning module Documentation (108)
[2014.10.22-06.42.23:307][784]LogModuleManager: Shutting down and abandoning module GameLiveStreaming (107)
[2014.10.22-06.42.23:307][784]LogModuleManager: Shutting down and abandoning module StreamingPauseRendering (106)
[2014.10.22-06.42.23:307][784]LogModuleManager: Shutting down and abandoning module HTTP (105)
[2014.10.22-06.42.23:307][784]LogModuleManager: Shutting down and abandoning module AnalyticsET (104)
[2014.10.22-06.42.23:307][784]LogModuleManager: Shutting down and abandoning module Analytics (103)
[2014.10.22-06.42.23:307][784]LogModuleManager: Shutting down and abandoning module GameplayDebugger (102)
[2014.10.22-06.42.23:307][784]LogModuleManager: Shutting down and abandoning module AIModule (101)
[2014.10.22-06.42.23:307][784]LogModuleManager: Shutting down and abandoning module ProfilerService (100)
[2014.10.22-06.42.23:538][784]LogModuleManager: Shutting down and abandoning module TaskGraph (99)
[2014.10.22-06.42.23:538][784]LogModuleManager: Shutting down and abandoning module SlateRemote (98)
[2014.10.22-06.42.23:538][784]LogModuleManager: Shutting down and abandoning module ScriptEditorPlugin (97)
[2014.10.22-06.42.23:538][784]LogModuleManager: Shutting down and abandoning module CustomMeshComponent (96)
[2014.10.22-06.42.23:538][784]LogModuleManager: Shutting down and abandoning module CableComponent (95)
[2014.10.22-06.42.23:538][784]LogModuleManager: Shutting down and abandoning module MessagingDebugger (94)
[2014.10.22-06.42.23:538][784]LogModuleManager: Shutting down and abandoning module MediaPlayerEditor (93)
[2014.10.22-06.42.23:538][784]LogModuleManager: Shutting down and abandoning module SpeedTreeImporter (92)
[2014.10.22-06.42.23:538][784]LogModuleManager: Shutting down and abandoning module PluginsEditor (91)
[2014.10.22-06.42.23:538][784]LogModuleManager: Shutting down and abandoning module EpicSurvey (90)
[2014.10.22-06.42.23:538][784]LogModuleManager: Shutting down and abandoning module DesktopPlatform (89)
[2014.10.22-06.42.23:538][784]LogModuleManager: Shutting down and abandoning module VisualStudioSourceCodeAccess (88)
[2014.10.22-06.42.23:538][784]LogModuleManager: Shutting down and abandoning module UObjectPlugin (87)
[2014.10.22-06.42.23:538][784]LogModuleManager: Shutting down and abandoning module SubversionSourceControl (86)
[2014.10.22-06.42.23:538][784]LogModuleManager: Shutting down and abandoning module SourceControl (85)
[2014.10.22-06.42.23:538][784]LogModuleManager: Shutting down and abandoning module PerforceSourceControl (84)
[2014.10.22-06.42.23:538][784]LogModuleManager: Shutting down and abandoning module BlankPlugin (83)
[2014.10.22-06.42.23:538][784]LogModuleManager: Shutting down and abandoning module SlateReflector (82)
[2014.10.22-06.42.23:538][784]LogModuleManager: Shutting down and abandoning module DirectoryWatcher (81)
[2014.10.22-06.42.23:540][784]LogModuleManager: Shutting down and abandoning module HotReload (80)
[2014.10.22-06.42.23:540][784]LogModuleManager: Shutting down and abandoning module MainFrame (79)
[2014.10.22-06.42.23:540][784]LogModuleManager: Shutting down and abandoning module LevelEditor (78)
[2014.10.22-06.42.23:541][784]LogModuleManager: Shutting down and abandoning module ViewportSnapping (77)
[2014.10.22-06.42.23:541][784]LogModuleManager: Shutting down and abandoning module SmartSnapping (76)
[2014.10.22-06.42.23:541][784]LogModuleManager: Shutting down and abandoning module PaperTiledImporter (75)
[2014.10.22-06.42.23:541][784]LogModuleManager: Shutting down and abandoning module PaperJsonImporter (74)
[2014.10.22-06.42.23:541][784]LogModuleManager: Shutting down and abandoning module ContentBrowser (73)
[2014.10.22-06.42.23:542][784]LogModuleManager: Shutting down and abandoning module PropertyEditor (72)
[2014.10.22-06.42.23:542][784]LogModuleManager: Shutting down and abandoning module Paper2DEditor (71)
[2014.10.22-06.42.23:542][784]LogModuleManager: Shutting down and abandoning module ScriptPlugin (70)
[2014.10.22-06.42.23:542][784]LogModuleManager: Shutting down and abandoning module UdpMessaging (69)
[2014.10.22-06.42.23:643][784]LogModuleManager: Shutting down and abandoning module Paper2D (68)
[2014.10.22-06.42.23:643][784]LogModuleManager: Shutting down and abandoning module WindowsMoviePlayer (67)
[2014.10.22-06.42.23:649][784]LogModuleManager: Shutting down and abandoning module Media (66)
[2014.10.22-06.42.23:650][784]LogModuleManager: Shutting down and abandoning module WmfMedia (65)
[2014.10.22-06.42.23:650][784]LogModuleManager: Shutting down and abandoning module OnlineBlueprintSupport (64)
[2014.10.22-06.42.23:650][784]LogModuleManager: Shutting down and abandoning module FunctionalTesting (63)
[2014.10.22-06.42.23:650][784]LogModuleManager: Shutting down and abandoning module CollisionAnalyzer (62)
[2014.10.22-06.42.23:650][784]LogModuleManager: Shutting down and abandoning module WorkspaceMenuStructure (61)
[2014.10.22-06.42.23:650][784]LogModuleManager: Shutting down and abandoning module MessageLog (60)
[2014.10.22-06.42.23:650][784]LogModuleManager: Shutting down and abandoning module Sequencer (59)
[2014.10.22-06.42.23:650][784]LogModuleManager: Shutting down and abandoning module AssetTools (58)
[2014.10.22-06.42.23:650][784]LogModuleManager: Shutting down and abandoning module UMGEditor (57)
[2014.10.22-06.42.23:650][784]LogModuleManager: Shutting down and abandoning module UMG (56)
[2014.10.22-06.42.23:650][784]LogModuleManager: Shutting down and abandoning module Slate (55)
[2014.10.22-06.42.23:650][784]LogModuleManager: Shutting down and abandoning module EditorStyle (54)
[2014.10.22-06.42.23:653][784]LogModuleManager: Shutting down and abandoning module SessionServices (53)
[2014.10.22-06.42.23:653][784]LogModuleManager: Shutting down and abandoning module SourceCodeAccess (52)
[2014.10.22-06.42.23:653][784]LogModuleManager: Shutting down and abandoning module HeadMountedDisplay (51)
[2014.10.22-06.42.23:653][784]LogModuleManager: Shutting down and abandoning module XAudio2 (50)
[2014.10.22-06.42.23:653][784]LogModuleManager: Shutting down and abandoning module Networking (48)
[2014.10.22-06.42.23:653][784]LogModuleManager: Shutting down and abandoning module Core (47)
[2014.10.22-06.42.23:653][784]LogModuleManager: Shutting down and abandoning module KismetCompiler (46)
[2014.10.22-06.42.23:653][784]LogModuleManager: Shutting down and abandoning module PhysXFormats (45)
[2014.10.22-06.42.23:653][784]LogModuleManager: Shutting down and abandoning module MeshUtilities (44)
[2014.10.22-06.42.23:653][784]LogModuleManager: Shutting down and abandoning module DerivedDataCache (43)
[2014.10.22-06.42.23:752][784]LogDerivedDataCache: Shutdown
[2014.10.22-06.42.23:752][784]LogModuleManager: Shutting down and abandoning module ShaderFormatOpenGL (42)
[2014.10.22-06.42.23:752][784]LogModuleManager: Shutting down and abandoning module ShaderFormatD3D (41)
[2014.10.22-06.42.23:752][784]LogModuleManager: Shutting down and abandoning module MetalShaderFormat (40)
[2014.10.22-06.42.23:752][784]LogModuleManager: Shutting down and abandoning module TextureFormatUncompressed (39)
[2014.10.22-06.42.23:752][784]LogModuleManager: Shutting down and abandoning module TextureFormatPVR (38)
[2014.10.22-06.42.23:752][784]LogModuleManager: Shutting down and abandoning module TextureFormatDXT (37)
[2014.10.22-06.42.23:752][784]LogModuleManager: Shutting down and abandoning module TextureFormatAndroid (36)
[2014.10.22-06.42.23:752][784]LogModuleManager: Shutting down and abandoning module AudioFormatOpus (35)
[2014.10.22-06.42.23:752][784]LogModuleManager: Shutting down and abandoning module AudioFormatOgg (34)
[2014.10.22-06.42.23:752][784]LogModuleManager: Shutting down and abandoning module AudioFormatADPCM (33)
[2014.10.22-06.42.23:752][784]LogModuleManager: Shutting down and abandoning module Messaging (32)
[2014.10.22-06.42.23:752][784]LogModuleManager: Shutting down and abandoning module IOSTargetPlatform (31)
[2014.10.22-06.42.23:752][784]LogModuleManager: Shutting down and abandoning module Android_PVRTCTargetPlatform (30)
[2014.10.22-06.42.23:752][784]LogModuleManager: Shutting down and abandoning module Android_ETC2TargetPlatform (29)
[2014.10.22-06.42.23:752][784]LogModuleManager: Shutting down and abandoning module Android_ETC1TargetPlatform (28)
[2014.10.22-06.42.23:752][784]LogModuleManager: Shutting down and abandoning module Android_DXTTargetPlatform (27)
[2014.10.22-06.42.23:752][784]LogModuleManager: Shutting down and abandoning module Android_ATCTargetPlatform (26)
[2014.10.22-06.42.23:752][784]LogModuleManager: Shutting down and abandoning module AndroidTargetPlatform (25)
[2014.10.22-06.42.23:752][784]LogModuleManager: Shutting down and abandoning module WindowsTargetPlatform (24)
[2014.10.22-06.42.23:752][784]LogModuleManager: Shutting down and abandoning module WindowsServerTargetPlatform (23)
[2014.10.22-06.42.23:752][784]LogModuleManager: Shutting down and abandoning module WindowsNoEditorTargetPlatform (22)
[2014.10.22-06.42.23:752][784]LogModuleManager: Shutting down and abandoning module WindowsClientTargetPlatform (21)
[2014.10.22-06.42.23:752][784]LogModuleManager: Shutting down and abandoning module TargetPlatform (20)
[2014.10.22-06.42.23:752][784]LogModuleManager: Shutting down and abandoning module InputCore (19)
[2014.10.22-06.42.23:752][784]LogModuleManager: Shutting down and abandoning module Settings (18)
[2014.10.22-06.42.23:752][784]LogModuleManager: Shutting down and abandoning module ImageWrapper (17)
[2014.10.22-06.42.23:752][784]LogModuleManager: Shutting down and abandoning module OculusRift (14)
[2014.10.22-06.42.23:752][784]LogModuleManager: Shutting down and abandoning module ExampleDeviceProfileSelector (13)
[2014.10.22-06.42.23:752][784]LogModuleManager: Shutting down and abandoning module TextureCompressor (12)
[2014.10.22-06.42.23:752][784]LogModuleManager: Shutting down and abandoning module ShaderCore (11)
[2014.10.22-06.42.23:752][784]LogModuleManager: Shutting down and abandoning module SlateRHIRenderer (10)
[2014.10.22-06.42.23:754][784]LogModuleManager: Shutting down and abandoning module OpenGLDrv (9)
[2014.10.22-06.42.23:754][784]LogModuleManager: Shutting down and abandoning module D3D11RHI (8)
[2014.10.22-06.42.23:754][784]LogModuleManager: Shutting down and abandoning module Renderer (7)
[2014.10.22-06.42.23:754][784]LogModuleManager: Shutting down and abandoning module Engine (6)
[2014.10.22-06.42.23:754][784]LogModuleManager: Shutting down and abandoning module CoreUObject (5)
[2014.10.22-06.42.23:754][784]LogModuleManager: Shutting down and abandoning module NetworkFile (4)
[2014.10.22-06.42.23:754][784]LogModuleManager: Shutting down and abandoning module StreamingFile (3)
[2014.10.22-06.42.23:754][784]LogModuleManager: Shutting down and abandoning module SandboxFile (2)
[2014.10.22-06.42.23:754][784]LogModuleManager: Shutting down and abandoning module PakFile (1)
[2014.10.22-06.42.23:755][784]LogExit: Exiting.
[2014.10.22-06.42.23:806][784]Log file closed, 10/21/14 23:42:23
