Log file open, 10/21/14 23:43:55
LogInit:Display: Running engine for game: Att1withBP
LogInit: Version: 4.5.0-2326478+++depot+UE4-Releases+4.5
LogInit: API Version: 2326478
LogInit: Compiled (64-bit): Oct 11 2014 09:24:31
LogInit: Compiled with Visual C++: 18.00.21005.01
LogInit: Build Configuration: Development
LogInit: Branch Name: ++depot+UE4-Releases+4.5
LogInit: Command line: 
LogInit: Base directory: C:/Program Files/Epic Games/4.5/Engine/Binaries/Win64/
LogInit: Rocket: 1
[2014.10.22-06.43.55:780][  0]LogTaskGraph: Started task graph with 3 named threads and 4 total threads.
[2014.10.22-06.43.55:815][  0]LogOnline:Warning: No default platform service specified for OnlineSubsystem
[2014.10.22-06.43.55:833][  0]LogInit: Presizing for 0 objects not considered by GC, pre-allocating 0 bytes.
[2014.10.22-06.43.55:843][  0]LogInit: Object subsystem initialized
[2014.10.22-06.43.55:847][  0]LogConsoleResponse:Warning: Skipping Unknown console variable: 'UIScaleRule = ShortestSide'
[2014.10.22-06.43.55:847][  0]LogConsoleResponse:Warning:   Found in ini file 'C:/Users/mikez_000/Documents/GitHub/unreality/visionside/Att1withBP/Saved/Config/Windows/Engine.ini', in section '[/Script/Engine.RendererSettings]'
[2014.10.22-06.43.55:847][  0]LogConsoleResponse:Warning: Skipping Unknown console variable: 'UIScaleCurve = (EditorCurveData=(Keys=((Time=480,Value=0.444),(Time=720,Value=0.666),(Time=1080,Value=1.0),(Time=8640,Value=8.0))),ExternalCurve=None)'
[2014.10.22-06.43.55:847][  0]LogConsoleResponse:Warning:   Found in ini file 'C:/Users/mikez_000/Documents/GitHub/unreality/visionside/Att1withBP/Saved/Config/Windows/Engine.ini', in section '[/Script/Engine.RendererSettings]'
[2014.10.22-06.43.55:847][  0]LogInit: Selected Device Profile: [Windows]
[2014.10.22-06.43.55:847][  0]LogInit: Applying CVar settings loaded from the selected device profile: [Windows]
[2014.10.22-06.43.55:853][  0]LogInit: Computer: TOWER
[2014.10.22-06.43.55:853][  0]LogInit: User: mikez000
[2014.10.22-06.43.55:854][  0]LogInit: CPU Page size=4096, Cores=4
[2014.10.22-06.43.55:854][  0]LogInit: High frequency timer resolution =3.150304 MHz
[2014.10.22-06.43.55:854][  0]LogMemory: Memory total: Physical=6.0GB (6GB approx) Virtual=131072.0GB
[2014.10.22-06.43.55:854][  0]LogMemory: Platform Memory Stats for Windows
[2014.10.22-06.43.55:854][  0]LogMemory: Process Physical Memory: 61.36 MB used, 61.36 MB peak
[2014.10.22-06.43.55:854][  0]LogMemory: Process Virtual Memory: 37.39 MB used, 37.39 MB peak
[2014.10.22-06.43.55:854][  0]LogMemory: Physical Memory: 3666.00 MB used, 6135.12 MB total
[2014.10.22-06.43.55:854][  0]LogMemory: Virtual Memory: 281.34 MB used, 134217728.00 MB total
[2014.10.22-06.43.55:867][  0]LogD3D11RHI: Found D3D11 adapter 0: AMD Radeon HD 6700 Series (Feature Level 11_0)
[2014.10.22-06.43.55:867][  0]LogD3D11RHI: Adapter has 1015MB of dedicated video memory, 0MB of dedicated system memory, and 2816MB of shared system memory, 2 output[s]
[2014.10.22-06.43.55:868][  0]LogD3D11RHI: Found D3D11 adapter 1: Microsoft Basic Render Driver (Feature Level 11_0)
[2014.10.22-06.43.55:868][  0]LogD3D11RHI: Adapter has 0MB of dedicated video memory, 0MB of dedicated system memory, and 256MB of shared system memory, 0 output[s]
[2014.10.22-06.43.55:868][  0]LogD3D11RHI: Chosen D3D11 Adapter Id = 0
[2014.10.22-06.43.55:871][  0]LogRHI: Texture pool is 711 MB (70% of 1015 MB)
[2014.10.22-06.43.55:877][  0]LogD3D11RHI: Async texture creation disabled: no driver support
[2014.10.22-06.43.55:916][  0]LogTextLocalizationManager: The requested culture ('en_US') has no localization data; parent culture's ('en') localization data will be used.
[2014.10.22-06.43.56:274][  0]LogContentStreaming: Texture pool size is 0.000000MB
[2014.10.22-06.44.01:190][  0]LogTargetPlatformManager:Display: Building Assets For Windows
[2014.10.22-06.44.01:586][  0]LogTargetPlatformManager:Display: Building Assets For Windows
[2014.10.22-06.44.01:638][  0]LogDerivedDataCache:Display: Max Cache Size: 512 MB
[2014.10.22-06.44.02:039][  0]LogDerivedDataCache: Loaded boot cache 0.40s 39MB C:/Users/mikez_000/AppData/Local/UnrealEngine/4.5/DerivedDataCache/Boot.ddc.
[2014.10.22-06.44.02:039][  0]LogDerivedDataCache:Display: Loaded Boot cache: C:/Users/mikez_000/AppData/Local/UnrealEngine/4.5/DerivedDataCache/Boot.ddc
[2014.10.22-06.44.02:039][  0]LogDerivedDataCache: FDerivedDataBackendGraph:  Pak pak cache file ../../../../../../Users/mikez_000/Documents/GitHub/unreality/visionside/Att1withBP/DerivedDataCache/DDC.ddp not found, will not use a pak cache.
[2014.10.22-06.44.02:039][  0]LogDerivedDataCache: Unable to find inner node Pak for hierarchical cache Hierarchy.
[2014.10.22-06.44.02:113][  0]LogDerivedDataCache:Display: Pak cache opened for reading ../../../Engine/DerivedDataCache/DDC.ddp.
[2014.10.22-06.44.02:125][  0]LogDerivedDataCache: Using Local data cache path C:/Users/mikez_000/AppData/Local/UnrealEngine/Common/DerivedDataCache: Writable
[2014.10.22-06.44.02:311][  0]LogMeshUtilities: No automatic mesh reduction module available
[2014.10.22-06.44.02:311][  0]LogMeshUtilities: No automatic mesh merging module available
[2014.10.22-06.44.02:555][  0]LogLinker:Warning: Asset '../../../Engine/Content/Functions/Engine_MaterialFunctions02/Texturing/FlipBook.uasset' has been saved with empty engine version. The asset will be loaded but may be incompatible.
[2014.10.22-06.44.02:559][  0]LogLinker:Warning: Asset '../../../Engine/Content/Functions/Engine_MaterialFunctions02/ExampleContent/Textures/flipbook.uasset' has been saved with empty engine version. The asset will be loaded but may be incompatible.
[2014.10.22-06.44.02:732][  0]LogInit: WinSock: version 1.1 (2.2), MaxSocks=32767, MaxUdp=65467
[2014.10.22-06.44.11:262][  0]UdpMessaging: Initializing bridge on interface 0.0.0.0:0 to multicast group 230.0.0.1:6666.
[2014.10.22-06.44.11:446][  0]LogDirectoryWatcher:Warning: Failed to begin reading directory changes for C:/Users/mikez_000/Documents/GitHub/unreality/visionside/Att1withBP/Binaries/Win64. Error: 0
[2014.10.22-06.44.11:577][  0]SourceControl: Info Source control is disabled
[2014.10.22-06.44.11:578][  0]SourceControl: Info Source control is disabled
[2014.10.22-06.44.11:585][  0]SourceControl: Info Source control is disabled
[2014.10.22-06.44.11:746][  0]LogObj: 22915 objects as part of root set at end of initial load.
[2014.10.22-06.44.11:746][  0]LogUObjectAllocator: 4803544 out of 0 bytes used by permanent object pool.
[2014.10.22-06.44.11:806][  0]LogEngine: Initializing Engine...
[2014.10.22-06.44.11:942][  0]LogInit: XAudio2 using 'Headphones (2- High Definition Audio Device)' : 2 channels at 44.1 kHz using 16 bits per sample (channel mask 0x3)
[2014.10.22-06.44.11:952][  0]LogInit: FAudioDevice initialized.
[2014.10.22-06.44.11:972][  0]LogAIModule: Creating AISystem for world NewWorld
[2014.10.22-06.44.11:991][  0]LogDerivedDataCache: Saved boot cache 0.02s 39MB C:/Users/mikez_000/AppData/Local/UnrealEngine/4.5/DerivedDataCache/Boot.ddc.
[2014.10.22-06.44.11:998][  0]LogInit: Texture streaming: Enabled
[2014.10.22-06.44.12:040][  0]LogInit: Transaction tracking system initialized
[2014.10.22-06.44.12:130][  0]BlueprintLog: New page: Editor Load
[2014.10.22-06.44.12:160][  0]LogAssetRegistry: FAssetRegistry took 0.0111 seconds to start up
[2014.10.22-06.44.12:160][  0]LogDirectoryWatcher:Warning: Failed to begin reading directory changes for ../../../Engine/Plugins/Experimental/CharacterAI/Content/. Error: 0
[2014.10.22-06.44.12:617][  0]LogTargetPlatformManager:Display: Building Assets For Windows
[2014.10.22-06.44.12:921][  0]LogTargetPlatformManager:Display: Building Assets For Windows
[2014.10.22-06.44.14:440][  0]LogConsoleResponse:Display: 
[2014.10.22-06.44.14:739][  0]SourceControl: Info Source control is disabled
[2014.10.22-06.44.14:739][  0]Cmd: MAP LOAD FILE="../../../../../../Users/mikez_000/Documents/GitHub/unreality/visionside/Att1withBP/Content/StarterContent/Advanced_Lighting.umap" TEMPLATE=0 SHOWPROGRESS=1
[2014.10.22-06.44.14:739][  0]LightingResults: New page: Lighting Build
[2014.10.22-06.44.14:749][  0]MapCheck: New page: Map Check
[2014.10.22-06.44.14:749][  0]LightingResults: New page: Lighting Build
[2014.10.22-06.44.14:764][  0]LogParticles: Destroying 0 GPU particle simulations for FXSystem 0x000000382876E840
[2014.10.22-06.44.15:515][  0]LogEditorServer: Finished looking for orphan Actors (0.000 secs)
[2014.10.22-06.44.15:515][  0]LogAIModule: Creating AISystem for world Advanced_Lighting
[2014.10.22-06.44.15:516][  0]Cmd: MAP CHECKDEP
[2014.10.22-06.44.15:516][  0]MapCheck: New page: Advanced_Lighting - Oct 21, 2014, 4:44:15 PM
[2014.10.22-06.44.15:608][  0]MapCheck: Info Map check complete: 0 Error(s), 0 Warning(s), took 91.74ms to complete.
[2014.10.22-06.44.15:608][  0]LogFileHelpers: Loading map 'Advanced_Lighting' took 0.869
[2014.10.22-06.44.15:706][  0]LogCollectionManager: Loaded 0 collections in 0.000987 seconds
[2014.10.22-06.44.15:820][  0]LogCrashTracker: Crashtracker disabled due to settings.
[2014.10.22-06.44.15:830][  0]LogUObjectGlobals:Warning: Failed to find object 'Class None.'
[2014.10.22-06.44.15:856][  0]LogLoad: Full Startup: 23.04 seconds (BP compile: 0.10 seconds)
[2014.10.22-06.44.16:098][  0]LogRenderer:Warning: Reallocating scene render targets to support 1136x904.
[2014.10.22-06.44.16:637][  2]LogAssetRegistry: Asset discovery search completed in 4.4892 seconds
[2014.10.22-06.44.32:845][580]LogEditorViewport: Clicking on Actor (LMB): StaticMeshActor (PLACEHOLDER MESH)
[2014.10.22-06.44.37:183][720]LogEditorViewport: Clicking on Actor (LMB): StaticMeshActor (PLACEHOLDER MESH)
[2014.10.22-06.44.37:223][720]LogEditorViewport: Clicking on Actor (double click): StaticMeshActor (PLACEHOLDER MESH)
[2014.10.22-06.44.56:861][413]LogSavePackage: Save=72.176529ms
[2014.10.22-06.44.56:861][413]LogSavePackage: Moving '../../../../../../Users/mikez_000/Documents/GitHub/unreality/visionside/Att1withBP/Saved/Advanced_Lighting0484598E4D9EB0FBD4D2DCA2D12078EC.tmp' to '../../../../../../Users/mikez_000/Documents/GitHub/unreality/visionside/Att1withBP/Content/StarterContent/Advanced_Lighting.umap'
[2014.10.22-06.44.58:749][485]LogContentBrowser:Verbose: The content browser source was changed by the sources view to '/Game/StarterContent'
[2014.10.22-06.45.20:011][299]LogPlayLevel: PIE:  No blueprints needed recompiling
[2014.10.22-06.45.20:011][299]PIE: New page: PIE session: Advanced_Lighting (Oct 21, 2014, 4:45:20 PM)
[2014.10.22-06.45.20:016][299]LogPlayLevel: PIE: StaticDuplicateObject took: (0.005096s)
[2014.10.22-06.45.20:017][299]LogPlayLevel: PIE: World Init took: (0.000642s)
[2014.10.22-06.45.20:017][299]LogPlayLevel: PIE: Created PIE world by copying editor world from /Game/StarterContent/Advanced_Lighting.Advanced_Lighting to /Game/StarterContent/UEDPIE_0_Advanced_Lighting.Advanced_Lighting (0.005901s)
[2014.10.22-06.45.20:106][299]LogWorld: Game class is 'GameMode'
[2014.10.22-06.45.20:108][299]LogAIModule: Creating AISystem for world Advanced_Lighting
[2014.10.22-06.45.20:109][299]LogWorld: Bringing World /Game/StarterContent/UEDPIE_0_Advanced_Lighting.Advanced_Lighting up for play (max tick rate 0) at 2014.10.21-23.45.20
[2014.10.22-06.45.20:109][299]LogWorld: Bringing up level for play took: 0.000699
[2014.10.22-06.45.20:121][299]LogGameMode: Warning - PATHS NOT DEFINED or NO PLAYERSTART with positive rating
[2014.10.22-06.45.20:122][299]PIE: Info Play in editor start time for /Game/StarterContent/UEDPIE_0_Advanced_Lighting -0.192
[2014.10.22-06.45.45:978][526]LogParticles: Destroying 0 GPU particle simulations for FXSystem 0x000000381E7767A0
[2014.10.22-06.45.54:230][820]LogContentBrowser:Verbose: The content browser source was changed by the sources view to '/Game/StarterContent/Blueprints'
[2014.10.22-06.47.09:597][405]LogEditorViewport: Clicking on Actor (LMB): StaticMeshActor (SM_AssetPlatform)
[2014.10.22-06.47.25:232][937]LogEditorViewport: Clicking on Actor (LMB): CameraActor (CameraActor)
[2014.10.22-06.47.30:344][ 79]Cmd: TRANSACTION UNDO
[2014.10.22-06.47.30:344][ 79]LogEditorTransaction: Undo Move Actors
[2014.10.22-06.47.33:435][161]LogEditorViewport: Clicking on Actor (LMB): CameraActor (CameraActor)
[2014.10.22-06.47.40:574][368]LogEditorViewport: Clicking on Actor (context menu): CameraActor (CameraActor)
[2014.10.22-06.47.47:855][948]LogEditorViewport: Clicking on Actor (LMB): BP_LightStudio_C (BP_LightStage)
[2014.10.22-06.47.48:636][977]LogEditorViewport: Clicking on Actor (LMB): CameraActor (CameraActor)
[2014.10.22-06.48.10:793][648]LogEditorViewport: Clicking on Actor (LMB): BP_LightStudio_C (BP_LightStage)
[2014.10.22-06.48.11:939][690]LogEditorViewport: Clicking on Actor (LMB): CameraActor (CameraActor)
[2014.10.22-06.48.13:295][728]Cmd: CAMERA ALIGN ACTIVEVIEWPORTONLY
[2014.10.22-06.48.13:295][728]Aligned camera to fit all selected actors.
[2014.10.22-06.48.33:136][262]LogEditorViewport: Clicking on Actor (LMB): StaticMeshActor (SM_AssetPlatform)
[2014.10.22-06.48.34:246][300]LogEditorViewport: Clicking on Actor (LMB): BP_LightStudio_C (BP_LightStage)
[2014.10.22-06.49.00:965][266]LogEditorViewport: Clicking on Actor (LMB): CameraActor (CameraActor)
[2014.10.22-06.49.21:523][ 16]Cmd: CAMERA ALIGN ACTIVEVIEWPORTONLY
[2014.10.22-06.49.21:523][ 16]Aligned camera to fit all selected actors.
[2014.10.22-06.49.52:584][826]LogVSAccessor:Warning: Couldn't get Visual Studio COM object
[2014.10.22-06.51.25:171][903]LogContentBrowser:Verbose: The content browser source was changed by the sources view to '/Game/StarterContent/Blueprints'
[2014.10.22-06.51.37:014][579]LogContentBrowser:Verbose: The content browser source was changed by the sources view to '/Game'
[2014.10.22-06.51.39:662][753]LogContentBrowser:Verbose: The content browser source was changed by the sources view to '/Game'
[2014.10.22-06.51.47:398][962]LogContentBrowser:Verbose: The content browser source was changed by the sources view to '/Game/testfiles'
[2014.10.22-06.52.10:759][123]LogContentBrowser:Verbose: The content browser source was changed by the sources view to '/Game/testfiles'
[2014.10.22-06.52.20:764][354]LogSavePackage: Save=35.529903ms
[2014.10.22-06.52.20:764][354]LogSavePackage: Moving '../../../../../../Users/mikez_000/Documents/GitHub/unreality/visionside/Att1withBP/Saved/Advanced_Lighting828756564C2437E652045BA35BAE86F4.tmp' to '../../../../../../Users/mikez_000/Documents/GitHub/unreality/visionside/Att1withBP/Content/StarterContent/Advanced_Lighting.umap'
[2014.10.22-06.52.22:158][392]LogSavePackage: Save=34.419216ms
[2014.10.22-06.52.22:158][392]LogSavePackage: Moving '../../../../../../Users/mikez_000/Documents/GitHub/unreality/visionside/Att1withBP/Saved/Advanced_Lighting0B11862A45BC0A51CE79829F463A269E.tmp' to '../../../../../../Users/mikez_000/Documents/GitHub/unreality/visionside/Att1withBP/Content/StarterContent/Advanced_Lighting.umap'
[2014.10.22-06.58.07:730][ 85]Cmd: OBJ SAVEPACKAGE PACKAGE="/Game/testfiles/cameraDaemon" FILE="../../../../../../Users/mikez_000/Documents/GitHub/unreality/visionside/Att1withBP/Content/testfiles/cameraDaemon.uasset" SILENT=true
[2014.10.22-06.58.07:745][ 85]LogSavePackage: Save=11.197650ms
[2014.10.22-06.58.07:745][ 85]LogSavePackage: Moving '../../../../../../Users/mikez_000/Documents/GitHub/unreality/visionside/Att1withBP/Saved/cameraDaemon83A9455E43121041B851F5BD40E6CF59.tmp' to '../../../../../../Users/mikez_000/Documents/GitHub/unreality/visionside/Att1withBP/Content/testfiles/cameraDaemon.uasset'
[2014.10.22-06.58.11:363][171]LogSlate:Warning: GetFontFace failed to load or process 'Roboto-Regular'
[2014.10.22-06.58.11:363][171]LogSlate:Warning: GetFontFace failed to load or process 'Roboto-Regular'
[2014.10.22-06.58.11:402][171]LogSlate:Warning: GetFontFace failed to load or process 'Roboto-Regular'
[2014.10.22-06.58.11:402][171]LogSlate:Warning: GetFontFace failed to load or process 'Roboto-Regular'
[2014.10.22-06.58.11:403][171]LogSlate:Warning: GetFontFace failed to load or process 'Roboto-Regular'
[2014.10.22-06.58.11:403][171]LogSlate:Warning: GetFontFace failed to load or process 'Roboto-Regular'
[2014.10.22-06.58.11:403][171]LogSlate:Warning: GetFontFace failed to load or process 'Roboto-Regular'
[2014.10.22-06.58.11:403][171]LogSlate:Warning: GetFontFace failed to load or process 'Roboto-Regular'
[2014.10.22-06.58.11:403][171]LogSlate:Warning: GetFontFace failed to load or process 'Roboto-Regular'
[2014.10.22-06.58.11:403][171]LogSlate:Warning: GetFontFace failed to load or process 'Roboto-Regular'
[2014.10.22-06.58.11:403][171]LogSlate:Warning: GetFontFace failed to load or process 'Roboto-Regular'
[2014.10.22-06.58.11:403][171]LogSlate:Warning: GetFontFace failed to load or process 'Roboto-Regular'
[2014.10.22-06.58.11:404][171]LogSlate:Warning: GetFontFace failed to load or process 'Roboto-Regular'
[2014.10.22-06.58.11:404][171]LogSlate:Warning: GetFontFace failed to load or process 'Roboto-Regular'
[2014.10.22-06.58.11:404][171]LogSlate:Warning: GetFontFace failed to load or process 'Roboto-Regular'
[2014.10.22-06.58.11:404][171]LogSlate:Warning: GetFontFace failed to load or process 'Roboto-Regular'
[2014.10.22-06.58.11:404][171]LogSlate:Warning: GetFontFace failed to load or process 'Roboto-Regular'
[2014.10.22-06.58.11:404][171]LogSlate:Warning: GetFontFace failed to load or process 'Roboto-Regular'
[2014.10.22-06.58.11:404][171]LogSlate:Warning: GetFontFace failed to load or process 'Roboto-Regular'
[2014.10.22-07.01.52:279][500]LogWindowsTextInputMethodSystem:Error: Deactivating a context failed while setting focus to the disabled TSF document manager.
[2014.10.22-07.02.25:670][ 89]LogFileHelpers: Editor autosave (incl. sublevels) for '/Game/StarterContent/Advanced_Lighting' took 0.028
[2014.10.22-07.02.25:681][ 89]OBJ SavePackage: Generating thumbnails for [0] asset(s) in package [/Game/testfiles/cameraDaemon] ([1] browsable assets)...
[2014.10.22-07.02.25:686][ 89]OBJ SavePackage: Finished generating thumbnails for package [/Game/testfiles/cameraDaemon]
[2014.10.22-07.02.25:791][ 89]LogSavePackage: Save=61.577232ms
[2014.10.22-07.02.25:792][ 89]LogSavePackage: Moving '../../../../../../Users/mikez_000/Documents/GitHub/unreality/visionside/Att1withBP/Saved/cameraDaemon_Auto1BD44853C4FE6F01B1B39979973E6952D.tmp' to '../../../../../../Users/mikez_000/Documents/GitHub/unreality/visionside/Att1withBP/Saved/Autosaves/Game/testfiles/cameraDaemon_Auto1.uasset'
[2014.10.22-07.02.25:797][ 89]LogFileHelpers: Auto-saving content packages took 0.127
[2014.10.22-07.10.24:569][644]LogSlate:Warning: GetFontFace failed to load or process 'Roboto-Regular'
[2014.10.22-07.10.24:569][644]LogSlate:Warning: GetFontFace failed to load or process 'Roboto-Regular'
[2014.10.22-07.10.24:569][644]LogSlate:Warning: GetFontFace failed to load or process 'Roboto-Regular'
[2014.10.22-07.10.24:569][644]LogSlate:Warning: GetFontFace failed to load or process 'Roboto-Regular'
[2014.10.22-07.12.36:233][820]LogFileHelpers: Editor autosave (incl. sublevels) for '/Game/StarterContent/Advanced_Lighting' took 0.025
[2014.10.22-07.12.36:244][820]OBJ SavePackage: Generating thumbnails for [0] asset(s) in package [/Game/testfiles/cameraDaemon] ([1] browsable assets)...
[2014.10.22-07.12.36:257][820]OBJ SavePackage: Finished generating thumbnails for package [/Game/testfiles/cameraDaemon]
[2014.10.22-07.12.36:311][820]LogSavePackage: Save=15.963539ms
[2014.10.22-07.12.36:311][820]LogSavePackage: Moving '../../../../../../Users/mikez_000/Documents/GitHub/unreality/visionside/Att1withBP/Saved/cameraDaemon_Auto2D887FDFA42BC8E86417F36AFD72B3445.tmp' to '../../../../../../Users/mikez_000/Documents/GitHub/unreality/visionside/Att1withBP/Saved/Autosaves/Game/testfiles/cameraDaemon_Auto2.uasset'
[2014.10.22-07.12.36:319][820]LogFileHelpers: Auto-saving content packages took 0.086
[2014.10.22-07.18.45:277][308]LogSlate:Warning: Prevented a slow task dialog from being summoned while a context menu was open
[2014.10.22-07.21.01:132][ 49]LogWindowsTextInputMethodSystem:Error: Deactivating a context failed while setting focus to the disabled TSF document manager.
[2014.10.22-07.22.37:303][826]LogFileHelpers: Editor autosave (incl. sublevels) for '/Game/StarterContent/Advanced_Lighting' took 0.045
[2014.10.22-07.22.37:315][826]OBJ SavePackage: Generating thumbnails for [0] asset(s) in package [/Game/testfiles/cameraDaemon] ([1] browsable assets)...
[2014.10.22-07.22.37:329][826]OBJ SavePackage: Finished generating thumbnails for package [/Game/testfiles/cameraDaemon]
[2014.10.22-07.22.37:392][826]LogSavePackage: Save=25.763227ms
[2014.10.22-07.22.37:392][826]LogSavePackage: Moving '../../../../../../Users/mikez_000/Documents/GitHub/unreality/visionside/Att1withBP/Saved/cameraDaemon_Auto31C6F984744A2E6665EA67A8A851EC8A4.tmp' to '../../../../../../Users/mikez_000/Documents/GitHub/unreality/visionside/Att1withBP/Saved/Autosaves/Game/testfiles/cameraDaemon_Auto3.uasset'
[2014.10.22-07.22.37:400][826]LogFileHelpers: Auto-saving content packages took 0.097
[2014.10.22-07.24.22:469][850]Cmd: OBJ SAVEPACKAGE PACKAGE="/Game/testfiles/cameraDaemon" FILE="../../../../../../Users/mikez_000/Documents/GitHub/unreality/visionside/Att1withBP/Content/testfiles/cameraDaemon.uasset" SILENT=true
[2014.10.22-07.24.22:520][850]LogSavePackage: Save=48.211220ms
[2014.10.22-07.24.22:521][850]LogSavePackage: Moving '../../../../../../Users/mikez_000/Documents/GitHub/unreality/visionside/Att1withBP/Saved/cameraDaemonCC19F0A24A45442A7780889D1DB9178F.tmp' to '../../../../../../Users/mikez_000/Documents/GitHub/unreality/visionside/Att1withBP/Content/testfiles/cameraDaemon.uasset'
[2014.10.22-07.25.08:086][272]LogEditorTransaction: Undo Delete current selection
[2014.10.22-07.25.59:304][970]LogTemp: Dropped xTransStep on Category Translational Vars
[2014.10.22-07.26.16:030][508]Cmd: OBJ SAVEPACKAGE PACKAGE="/Game/testfiles/cameraDaemon" FILE="../../../../../../Users/mikez_000/Documents/GitHub/unreality/visionside/Att1withBP/Content/testfiles/cameraDaemon.uasset" SILENT=true
[2014.10.22-07.26.16:052][508]LogSavePackage: Save=17.161837ms
[2014.10.22-07.26.16:052][508]LogSavePackage: Moving '../../../../../../Users/mikez_000/Documents/GitHub/unreality/visionside/Att1withBP/Saved/cameraDaemon1CD489B840CBC552F383E5A07C92E884.tmp' to '../../../../../../Users/mikez_000/Documents/GitHub/unreality/visionside/Att1withBP/Content/testfiles/cameraDaemon.uasset'
[2014.10.22-07.26.29:635][236]BlueprintLog: New page: Pre-PIE auto-recompile
[2014.10.22-07.26.29:678][236]LogPlayLevel: [PIE] Compiling cameraDaemon before PIE...
[2014.10.22-07.26.29:686][236]LogBlueprint:Warning: [compiler] Warning ReturnNode Exec pin has no connections on  EdGraphPin_3316 
[2014.10.22-07.26.29:687][236]LogBlueprint:Error: [compiler] Error Pin  New Param  named NewParam doesn't match any parameters of function Increase X
[2014.10.22-07.26.29:704][236]LogBlueprint:Warning: [compiler] Warning [2556.88] Compile of cameraDaemon failed. 1 Fatal Issue(s) 1 Warning(s) [in 18 ms]
[2014.10.22-07.26.29:856][236]LogPlayLevel: [PIE] Compiling Tutorial_BP_MacroLib before PIE...
[2014.10.22-07.26.29:921][236]LogPlayLevel: PIE:  Blueprint regeneration took 285 ms (2 blueprints)
[2014.10.22-07.26.33:530][236]BlueprintLog: Info Blueprint cameraDaemon failed to compile
[2014.10.22-07.26.59:274][911]Cmd: OBJ SAVEPACKAGE PACKAGE="/Game/testfiles/cameraDaemon" FILE="../../../../../../Users/mikez_000/Documents/GitHub/unreality/visionside/Att1withBP/Content/testfiles/cameraDaemon.uasset" SILENT=true
[2014.10.22-07.26.59:320][911]LogSavePackage: Save=40.125336ms
[2014.10.22-07.26.59:321][911]LogSavePackage: Moving '../../../../../../Users/mikez_000/Documents/GitHub/unreality/visionside/Att1withBP/Saved/cameraDaemon62438A724ABEA407217F42866B917E04.tmp' to '../../../../../../Users/mikez_000/Documents/GitHub/unreality/visionside/Att1withBP/Content/testfiles/cameraDaemon.uasset'
[2014.10.22-07.26.59:858][925]BlueprintLog: New page: Pre-PIE auto-recompile
[2014.10.22-07.26.59:878][925]LogPlayLevel: [PIE] Compiling cameraDaemon before PIE...
[2014.10.22-07.26.59:885][925]LogBlueprint:Error: [compiler] Error Could not find a pin for the parameter xOut of Increase X on  Increase X 
[2014.10.22-07.26.59:886][925]LogBlueprint:Error: [compiler] Error Pin  New Param  named NewParam doesn't match any parameters of function Increase X
[2014.10.22-07.26.59:903][925]LogBlueprint:Warning: [compiler] Warning [2587.08] Compile of cameraDaemon failed. 2 Fatal Issue(s) 0 Warning(s) [in 19 ms]
[2014.10.22-07.27.00:028][925]LogPlayLevel: PIE:  Blueprint regeneration took 169 ms (1 blueprints)
[2014.10.22-07.27.01:112][925]BlueprintLog: Info Blueprint cameraDaemon failed to compile
[2014.10.22-07.27.06:043][ 43]LogPlayLevel: PIE:  No blueprints needed recompiling
[2014.10.22-07.27.13:465][277]LogPlayLevel: PIE:  No blueprints needed recompiling
[2014.10.22-07.32.17:040][341]LogWindowsTextInputMethodSystem:Error: Deactivating a context failed while setting focus to the disabled TSF document manager.
[2014.10.22-07.32.17:040][341]LogWindowsTextInputMethodSystem:Error: Deactivating a context failed while setting focus to the disabled TSF document manager.
[2014.10.22-07.32.17:040][341]LogWindowsTextInputMethodSystem:Error: Deactivating a context failed while setting focus to the disabled TSF document manager.
[2014.10.22-07.32.17:040][341]LogWindowsTextInputMethodSystem:Error: Deactivating a context failed while setting focus to the disabled TSF document manager.
[2014.10.22-07.32.18:192][404]LogWindowsTextInputMethodSystem:Error: Deactivating a context failed while setting focus to the disabled TSF document manager.
[2014.10.22-07.32.18:192][404]LogWindowsTextInputMethodSystem:Error: Deactivating a context failed while setting focus to the disabled TSF document manager.
[2014.10.22-07.32.18:192][404]LogWindowsTextInputMethodSystem:Error: Deactivating a context failed while setting focus to the disabled TSF document manager.
[2014.10.22-07.32.18:192][404]LogWindowsTextInputMethodSystem:Error: Deactivating a context failed while setting focus to the disabled TSF document manager.
[2014.10.22-07.32.18:192][404]LogWindowsTextInputMethodSystem:Error: Deactivating a context failed while setting focus to the disabled TSF document manager.
[2014.10.22-07.32.18:287][404]LogSavePackage: Save=36.618053ms
[2014.10.22-07.32.18:287][404]LogSavePackage: Moving '../../../../../../Users/mikez_000/Documents/GitHub/unreality/visionside/Att1withBP/Saved/Advanced_Lighting75D1E0B74016E38FBE5E7E97FAD112C9.tmp' to '../../../../../../Users/mikez_000/Documents/GitHub/unreality/visionside/Att1withBP/Content/StarterContent/Advanced_Lighting.umap'
[2014.10.22-07.32.20:722][456]LogWindowsTextInputMethodSystem:Error: Deactivating a context failed while setting focus to the disabled TSF document manager.
[2014.10.22-07.32.20:722][456]LogWindowsTextInputMethodSystem:Error: Deactivating a context failed while setting focus to the disabled TSF document manager.
[2014.10.22-07.32.20:722][456]LogWindowsTextInputMethodSystem:Error: Deactivating a context failed while setting focus to the disabled TSF document manager.
[2014.10.22-07.32.20:722][456]LogWindowsTextInputMethodSystem:Error: Deactivating a context failed while setting focus to the disabled TSF document manager.
[2014.10.22-07.32.22:539][457]LogWindowsTextInputMethodSystem:Error: Deactivating a context failed while setting focus to the disabled TSF document manager.
[2014.10.22-07.32.22:539][457]LogWindowsTextInputMethodSystem:Error: Deactivating a context failed while setting focus to the disabled TSF document manager.
[2014.10.22-07.32.22:539][457]LogWindowsTextInputMethodSystem:Error: Deactivating a context failed while setting focus to the disabled TSF document manager.
[2014.10.22-07.32.22:539][457]LogWindowsTextInputMethodSystem:Error: Deactivating a context failed while setting focus to the disabled TSF document manager.
[2014.10.22-07.32.22:552][457]Cmd: OBJ SAVEPACKAGE PACKAGE="/Game/testfiles/cameraDaemon" FILE="../../../../../../Users/mikez_000/Documents/GitHub/unreality/visionside/Att1withBP/Content/testfiles/cameraDaemon.uasset" SILENT=true
[2014.10.22-07.32.23:363][457]LogSavePackage: Save=25.832428ms
[2014.10.22-07.32.23:363][457]LogSavePackage: Moving '../../../../../../Users/mikez_000/Documents/GitHub/unreality/visionside/Att1withBP/Saved/cameraDaemon58B6C9E443CA1CAAF05333A167749EA6.tmp' to '../../../../../../Users/mikez_000/Documents/GitHub/unreality/visionside/Att1withBP/Content/testfiles/cameraDaemon.uasset'
[2014.10.22-07.32.23:733][457]LogWindowsTextInputMethodSystem:Error: Deactivating a context failed while setting focus to the disabled TSF document manager.
[2014.10.22-07.32.23:733][457]LogWindowsTextInputMethodSystem:Error: Deactivating a context failed while setting focus to the disabled TSF document manager.
[2014.10.22-07.32.23:733][457]LogWindowsTextInputMethodSystem:Error: Deactivating a context failed while setting focus to the disabled TSF document manager.
[2014.10.22-07.32.23:733][457]LogWindowsTextInputMethodSystem:Error: Deactivating a context failed while setting focus to the disabled TSF document manager.
[2014.10.22-07.32.24:277][458]Cmd: QUIT_EDITOR
[2014.10.22-07.32.24:634][458]LogExit: Preparing to exit.
[2014.10.22-07.32.25:579][458]LogExit: Editor shut down
[2014.10.22-07.32.25:580][458]LogExit: Transaction tracking system shut down
[2014.10.22-07.32.25:583][458]LogParticles: Destroying 0 GPU particle simulations for FXSystem 0x00000038297E4E00
[2014.10.22-07.32.25:584][458]LogParticles: Destroying 0 GPU particle simulations for FXSystem 0x00000038245A6FC0
[2014.10.22-07.32.25:609][458]LogParticles: Destroying 0 GPU particle simulations for FXSystem 0x0000003828457BA0
[2014.10.22-07.32.25:609][458]LogParticles: Destroying 0 GPU particle simulations for FXSystem 0x0000003824900AE0
[2014.10.22-07.32.25:609][458]LogParticles: Destroying 0 GPU particle simulations for FXSystem 0x00000038249018A0
[2014.10.22-07.32.25:609][458]LogExit: Object subsystem successfully closed.
[2014.10.22-07.32.25:708][458]LogModuleManager: Shutting down and abandoning module Merge (167)
[2014.10.22-07.32.25:708][458]LogModuleManager: Shutting down and abandoning module AndroidDeviceDetection (166)
[2014.10.22-07.32.25:708][458]LogModuleManager: Shutting down and abandoning module CrashTracker (165)
[2014.10.22-07.32.25:708][458]LogModuleManager: Shutting down and abandoning module SuperSearch (164)
[2014.10.22-07.32.25:708][458]LogModuleManager: Shutting down and abandoning module SceneOutliner (163)
[2014.10.22-07.32.25:708][458]LogModuleManager: Shutting down and abandoning module EditorWidgets (162)
[2014.10.22-07.32.25:708][458]LogModuleManager: Shutting down and abandoning module CollectionManager (161)
[2014.10.22-07.32.25:708][458]LogModuleManager: Shutting down and abandoning module StatsViewer (160)
[2014.10.22-07.32.25:708][458]LogModuleManager: Shutting down and abandoning module FoliageEdit (159)
[2014.10.22-07.32.25:708][458]LogModuleManager: Shutting down and abandoning module LandscapeEditor (158)
[2014.10.22-07.32.25:708][458]LogModuleManager: Shutting down and abandoning module MeshPaint (157)
[2014.10.22-07.32.25:708][458]LogModuleManager: Shutting down and abandoning module ActorPickerMode (156)
[2014.10.22-07.32.25:708][458]LogModuleManager: Shutting down and abandoning module GeometryMode (155)
[2014.10.22-07.32.25:708][458]LogModuleManager: Shutting down and abandoning module TextureAlignMode (154)
[2014.10.22-07.32.25:708][458]LogModuleManager: Shutting down and abandoning module BspMode (153)
[2014.10.22-07.32.25:708][458]LogModuleManager: Shutting down and abandoning module PlacementMode (152)
[2014.10.22-07.32.25:708][458]LogModuleManager: Shutting down and abandoning module AutomationWorker (151)
[2014.10.22-07.32.25:708][458]LogModuleManager: Shutting down and abandoning module CharacterAI (150)
[2014.10.22-07.32.25:708][458]LogModuleManager: Shutting down and abandoning module GameProjectGeneration (149)
[2014.10.22-07.32.25:708][458]LogModuleManager: Shutting down and abandoning module IntroTutorials (148)
[2014.10.22-07.32.25:708][458]LogModuleManager: Shutting down and abandoning module EditorLiveStreaming (147)
[2014.10.22-07.32.25:708][458]LogModuleManager: Shutting down and abandoning module HardwareTargeting (146)
[2014.10.22-07.32.25:708][458]LogModuleManager: Shutting down and abandoning module BehaviorTreeEditor (145)
[2014.10.22-07.32.25:709][458]LogModuleManager: Shutting down and abandoning module DeviceProfileEditor (144)
[2014.10.22-07.32.25:709][458]LogModuleManager: Shutting down and abandoning module UndoHistory (143)
[2014.10.22-07.32.25:709][458]LogModuleManager: Shutting down and abandoning module GameplayTagsEditor (142)
[2014.10.22-07.32.25:709][458]LogModuleManager: Shutting down and abandoning module UserFeedback (141)
[2014.10.22-07.32.25:709][458]LogModuleManager: Shutting down and abandoning module XmlParser (140)
[2014.10.22-07.32.25:709][458]LogModuleManager: Shutting down and abandoning module Blutility (139)
[2014.10.22-07.32.25:709][458]LogModuleManager: Shutting down and abandoning module IOSPlatformEditor (138)
[2014.10.22-07.32.25:709][458]LogModuleManager: Shutting down and abandoning module IOSRuntimeSettings (137)
[2014.10.22-07.32.25:709][458]LogModuleManager: Shutting down and abandoning module AndroidPlatformEditor (136)
[2014.10.22-07.32.25:709][458]LogModuleManager: Shutting down and abandoning module AndroidRuntimeSettings (135)
[2014.10.22-07.32.25:709][458]LogModuleManager: Shutting down and abandoning module ProjectTargetPlatformEditor (134)
[2014.10.22-07.32.25:709][458]LogModuleManager: Shutting down and abandoning module ProjectSettingsViewer (133)
[2014.10.22-07.32.25:709][458]LogModuleManager: Shutting down and abandoning module InputBindingEditor (132)
[2014.10.22-07.32.25:709][458]LogModuleManager: Shutting down and abandoning module EditorSettingsViewer (131)
[2014.10.22-07.32.25:709][458]LogModuleManager: Shutting down and abandoning module SettingsEditor (130)
[2014.10.22-07.32.25:709][458]LogModuleManager: Shutting down and abandoning module ProjectLauncher (129)
[2014.10.22-07.32.25:709][458]LogModuleManager: Shutting down and abandoning module SessionFrontend (128)
[2014.10.22-07.32.25:709][458]LogModuleManager: Shutting down and abandoning module ProfilerClient (127)
[2014.10.22-07.32.25:709][458]LogModuleManager: Shutting down and abandoning module TargetDeviceServices (126)
[2014.10.22-07.32.25:709][458]LogModuleManager: Shutting down and abandoning module DeviceManager (125)
[2014.10.22-07.32.25:709][458]LogModuleManager: Shutting down and abandoning module AutomationController (124)
[2014.10.22-07.32.25:709][458]LogModuleManager: Shutting down and abandoning module AutomationWindow (123)
[2014.10.22-07.32.25:709][458]LogModuleManager: Shutting down and abandoning module Layers (122)
[2014.10.22-07.32.25:709][458]LogModuleManager: Shutting down and abandoning module ComponentVisualizers (121)
[2014.10.22-07.32.25:709][458]LogModuleManager: Shutting down and abandoning module DetailCustomizations (120)
[2014.10.22-07.32.25:709][458]LogModuleManager: Shutting down and abandoning module PackagesDialog (119)
[2014.10.22-07.32.25:710][458]LogModuleManager: Shutting down and abandoning module AssetRegistry (118)
[2014.10.22-07.32.25:811][458]LogModuleManager: Shutting down and abandoning module Persona (117)
[2014.10.22-07.32.25:811][458]LogModuleManager: Shutting down and abandoning module Kismet (116)
[2014.10.22-07.32.25:811][458]LogModuleManager: Shutting down and abandoning module GraphEditor (115)
[2014.10.22-07.32.25:811][458]LogModuleManager: Shutting down and abandoning module ClassViewer (114)
[2014.10.22-07.32.25:811][458]LogModuleManager: Shutting down and abandoning module Toolbox (113)
[2014.10.22-07.32.25:811][458]LogModuleManager: Shutting down and abandoning module ModuleUI (112)
[2014.10.22-07.32.25:811][458]LogModuleManager: Shutting down and abandoning module MovieSceneTools (111)
[2014.10.22-07.32.25:811][458]LogModuleManager: Shutting down and abandoning module OutputLog (110)
[2014.10.22-07.32.25:811][458]LogModuleManager: Shutting down and abandoning module GammaUI (109)
[2014.10.22-07.32.25:811][458]LogModuleManager: Shutting down and abandoning module Documentation (108)
[2014.10.22-07.32.25:811][458]LogModuleManager: Shutting down and abandoning module GameLiveStreaming (107)
[2014.10.22-07.32.25:811][458]LogModuleManager: Shutting down and abandoning module StreamingPauseRendering (106)
[2014.10.22-07.32.25:811][458]LogModuleManager: Shutting down and abandoning module HTTP (105)
[2014.10.22-07.32.25:811][458]LogModuleManager: Shutting down and abandoning module AnalyticsET (104)
[2014.10.22-07.32.25:811][458]LogModuleManager: Shutting down and abandoning module Analytics (103)
[2014.10.22-07.32.25:811][458]LogModuleManager: Shutting down and abandoning module GameplayDebugger (102)
[2014.10.22-07.32.25:811][458]LogModuleManager: Shutting down and abandoning module AIModule (101)
[2014.10.22-07.32.25:811][458]LogModuleManager: Shutting down and abandoning module ProfilerService (100)
[2014.10.22-07.32.26:041][458]LogModuleManager: Shutting down and abandoning module TaskGraph (99)
[2014.10.22-07.32.26:041][458]LogModuleManager: Shutting down and abandoning module SlateRemote (98)
[2014.10.22-07.32.26:041][458]LogModuleManager: Shutting down and abandoning module ScriptEditorPlugin (97)
[2014.10.22-07.32.26:041][458]LogModuleManager: Shutting down and abandoning module CustomMeshComponent (96)
[2014.10.22-07.32.26:041][458]LogModuleManager: Shutting down and abandoning module CableComponent (95)
[2014.10.22-07.32.26:041][458]LogModuleManager: Shutting down and abandoning module MessagingDebugger (94)
[2014.10.22-07.32.26:041][458]LogModuleManager: Shutting down and abandoning module MediaPlayerEditor (93)
[2014.10.22-07.32.26:041][458]LogModuleManager: Shutting down and abandoning module SpeedTreeImporter (92)
[2014.10.22-07.32.26:041][458]LogModuleManager: Shutting down and abandoning module PluginsEditor (91)
[2014.10.22-07.32.26:041][458]LogModuleManager: Shutting down and abandoning module EpicSurvey (90)
[2014.10.22-07.32.26:041][458]LogModuleManager: Shutting down and abandoning module DesktopPlatform (89)
[2014.10.22-07.32.26:041][458]LogModuleManager: Shutting down and abandoning module VisualStudioSourceCodeAccess (88)
[2014.10.22-07.32.26:041][458]LogModuleManager: Shutting down and abandoning module UObjectPlugin (87)
[2014.10.22-07.32.26:041][458]LogModuleManager: Shutting down and abandoning module SubversionSourceControl (86)
[2014.10.22-07.32.26:041][458]LogModuleManager: Shutting down and abandoning module SourceControl (85)
[2014.10.22-07.32.26:041][458]LogModuleManager: Shutting down and abandoning module PerforceSourceControl (84)
[2014.10.22-07.32.26:041][458]LogModuleManager: Shutting down and abandoning module BlankPlugin (83)
[2014.10.22-07.32.26:041][458]LogModuleManager: Shutting down and abandoning module SlateReflector (82)
[2014.10.22-07.32.26:041][458]LogModuleManager: Shutting down and abandoning module DirectoryWatcher (81)
[2014.10.22-07.32.26:042][458]LogModuleManager: Shutting down and abandoning module HotReload (80)
[2014.10.22-07.32.26:042][458]LogModuleManager: Shutting down and abandoning module MainFrame (79)
[2014.10.22-07.32.26:042][458]LogModuleManager: Shutting down and abandoning module LevelEditor (78)
[2014.10.22-07.32.26:043][458]LogModuleManager: Shutting down and abandoning module ViewportSnapping (77)
[2014.10.22-07.32.26:043][458]LogModuleManager: Shutting down and abandoning module SmartSnapping (76)
[2014.10.22-07.32.26:043][458]LogModuleManager: Shutting down and abandoning module PaperTiledImporter (75)
[2014.10.22-07.32.26:043][458]LogModuleManager: Shutting down and abandoning module PaperJsonImporter (74)
[2014.10.22-07.32.26:043][458]LogModuleManager: Shutting down and abandoning module ContentBrowser (73)
[2014.10.22-07.32.26:043][458]LogModuleManager: Shutting down and abandoning module PropertyEditor (72)
[2014.10.22-07.32.26:043][458]LogModuleManager: Shutting down and abandoning module Paper2DEditor (71)
[2014.10.22-07.32.26:043][458]LogModuleManager: Shutting down and abandoning module ScriptPlugin (70)
[2014.10.22-07.32.26:043][458]LogModuleManager: Shutting down and abandoning module UdpMessaging (69)
[2014.10.22-07.32.26:144][458]LogModuleManager: Shutting down and abandoning module Paper2D (68)
[2014.10.22-07.32.26:144][458]LogModuleManager: Shutting down and abandoning module WindowsMoviePlayer (67)
[2014.10.22-07.32.26:148][458]LogModuleManager: Shutting down and abandoning module Media (66)
[2014.10.22-07.32.26:148][458]LogModuleManager: Shutting down and abandoning module WmfMedia (65)
[2014.10.22-07.32.26:148][458]LogModuleManager: Shutting down and abandoning module OnlineBlueprintSupport (64)
[2014.10.22-07.32.26:148][458]LogModuleManager: Shutting down and abandoning module FunctionalTesting (63)
[2014.10.22-07.32.26:148][458]LogModuleManager: Shutting down and abandoning module CollisionAnalyzer (62)
[2014.10.22-07.32.26:148][458]LogModuleManager: Shutting down and abandoning module WorkspaceMenuStructure (61)
[2014.10.22-07.32.26:148][458]LogModuleManager: Shutting down and abandoning module MessageLog (60)
[2014.10.22-07.32.26:148][458]LogModuleManager: Shutting down and abandoning module Sequencer (59)
[2014.10.22-07.32.26:148][458]LogModuleManager: Shutting down and abandoning module AssetTools (58)
[2014.10.22-07.32.26:148][458]LogModuleManager: Shutting down and abandoning module UMGEditor (57)
[2014.10.22-07.32.26:148][458]LogModuleManager: Shutting down and abandoning module UMG (56)
[2014.10.22-07.32.26:149][458]LogModuleManager: Shutting down and abandoning module Slate (55)
[2014.10.22-07.32.26:149][458]LogModuleManager: Shutting down and abandoning module EditorStyle (54)
[2014.10.22-07.32.26:151][458]LogModuleManager: Shutting down and abandoning module SessionServices (53)
[2014.10.22-07.32.26:151][458]LogModuleManager: Shutting down and abandoning module SourceCodeAccess (52)
[2014.10.22-07.32.26:151][458]LogModuleManager: Shutting down and abandoning module HeadMountedDisplay (51)
[2014.10.22-07.32.26:151][458]LogModuleManager: Shutting down and abandoning module XAudio2 (50)
[2014.10.22-07.32.26:151][458]LogModuleManager: Shutting down and abandoning module Networking (48)
[2014.10.22-07.32.26:151][458]LogModuleManager: Shutting down and abandoning module Core (47)
[2014.10.22-07.32.26:151][458]LogModuleManager: Shutting down and abandoning module KismetCompiler (46)
[2014.10.22-07.32.26:151][458]LogModuleManager: Shutting down and abandoning module PhysXFormats (45)
[2014.10.22-07.32.26:151][458]LogModuleManager: Shutting down and abandoning module MeshUtilities (44)
[2014.10.22-07.32.26:151][458]LogModuleManager: Shutting down and abandoning module DerivedDataCache (43)
[2014.10.22-07.32.26:158][458]LogDerivedDataCache: Shutdown
[2014.10.22-07.32.26:158][458]LogModuleManager: Shutting down and abandoning module ShaderFormatOpenGL (42)
[2014.10.22-07.32.26:158][458]LogModuleManager: Shutting down and abandoning module ShaderFormatD3D (41)
[2014.10.22-07.32.26:158][458]LogModuleManager: Shutting down and abandoning module MetalShaderFormat (40)
[2014.10.22-07.32.26:158][458]LogModuleManager: Shutting down and abandoning module TextureFormatUncompressed (39)
[2014.10.22-07.32.26:158][458]LogModuleManager: Shutting down and abandoning module TextureFormatPVR (38)
[2014.10.22-07.32.26:158][458]LogModuleManager: Shutting down and abandoning module TextureFormatDXT (37)
[2014.10.22-07.32.26:158][458]LogModuleManager: Shutting down and abandoning module TextureFormatAndroid (36)
[2014.10.22-07.32.26:158][458]LogModuleManager: Shutting down and abandoning module AudioFormatOpus (35)
[2014.10.22-07.32.26:158][458]LogModuleManager: Shutting down and abandoning module AudioFormatOgg (34)
[2014.10.22-07.32.26:158][458]LogModuleManager: Shutting down and abandoning module AudioFormatADPCM (33)
[2014.10.22-07.32.26:158][458]LogModuleManager: Shutting down and abandoning module Messaging (32)
[2014.10.22-07.32.26:158][458]LogModuleManager: Shutting down and abandoning module IOSTargetPlatform (31)
[2014.10.22-07.32.26:158][458]LogModuleManager: Shutting down and abandoning module Android_PVRTCTargetPlatform (30)
[2014.10.22-07.32.26:158][458]LogModuleManager: Shutting down and abandoning module Android_ETC2TargetPlatform (29)
[2014.10.22-07.32.26:158][458]LogModuleManager: Shutting down and abandoning module Android_ETC1TargetPlatform (28)
[2014.10.22-07.32.26:158][458]LogModuleManager: Shutting down and abandoning module Android_DXTTargetPlatform (27)
[2014.10.22-07.32.26:158][458]LogModuleManager: Shutting down and abandoning module Android_ATCTargetPlatform (26)
[2014.10.22-07.32.26:158][458]LogModuleManager: Shutting down and abandoning module AndroidTargetPlatform (25)
[2014.10.22-07.32.26:158][458]LogModuleManager: Shutting down and abandoning module WindowsTargetPlatform (24)
[2014.10.22-07.32.26:158][458]LogModuleManager: Shutting down and abandoning module WindowsServerTargetPlatform (23)
[2014.10.22-07.32.26:158][458]LogModuleManager: Shutting down and abandoning module WindowsNoEditorTargetPlatform (22)
[2014.10.22-07.32.26:158][458]LogModuleManager: Shutting down and abandoning module WindowsClientTargetPlatform (21)
[2014.10.22-07.32.26:158][458]LogModuleManager: Shutting down and abandoning module TargetPlatform (20)
[2014.10.22-07.32.26:158][458]LogModuleManager: Shutting down and abandoning module InputCore (19)
[2014.10.22-07.32.26:158][458]LogModuleManager: Shutting down and abandoning module Settings (18)
[2014.10.22-07.32.26:158][458]LogModuleManager: Shutting down and abandoning module ImageWrapper (17)
[2014.10.22-07.32.26:158][458]LogModuleManager: Shutting down and abandoning module OculusRift (14)
[2014.10.22-07.32.26:158][458]LogModuleManager: Shutting down and abandoning module ExampleDeviceProfileSelector (13)
[2014.10.22-07.32.26:158][458]LogModuleManager: Shutting down and abandoning module TextureCompressor (12)
[2014.10.22-07.32.26:159][458]LogModuleManager: Shutting down and abandoning module ShaderCore (11)
[2014.10.22-07.32.26:159][458]LogModuleManager: Shutting down and abandoning module SlateRHIRenderer (10)
[2014.10.22-07.32.26:162][458]LogModuleManager: Shutting down and abandoning module OpenGLDrv (9)
[2014.10.22-07.32.26:162][458]LogModuleManager: Shutting down and abandoning module D3D11RHI (8)
[2014.10.22-07.32.26:162][458]LogModuleManager: Shutting down and abandoning module Renderer (7)
[2014.10.22-07.32.26:162][458]LogModuleManager: Shutting down and abandoning module Engine (6)
[2014.10.22-07.32.26:162][458]LogModuleManager: Shutting down and abandoning module CoreUObject (5)
[2014.10.22-07.32.26:162][458]LogModuleManager: Shutting down and abandoning module NetworkFile (4)
[2014.10.22-07.32.26:163][458]LogModuleManager: Shutting down and abandoning module StreamingFile (3)
[2014.10.22-07.32.26:163][458]LogModuleManager: Shutting down and abandoning module SandboxFile (2)
[2014.10.22-07.32.26:163][458]LogModuleManager: Shutting down and abandoning module PakFile (1)
[2014.10.22-07.32.26:163][458]LogExit: Exiting.
[2014.10.22-07.32.26:199][458]Log file closed, 10/22/14 00:32:26
